android/app/build/intermediates/manifest_merge_blame_file/debug/processDebugMainManifest/manifest-merger-blame-debug-report.txt
1<?xml version="1.0" encoding="utf-8"?>
2<manifest xmlns:android="http://schemas.android.com/apk/res/android"
3    package="com.meow"
4    android:versionCode="1"
5    android:versionName="1.0" >
6
7    <uses-sdk
8        android:minSdkVersion="24"
9        android:targetSdkVersion="34" />
10
11    <uses-permission android:name="android.permission.INTERNET" />
11-->src/main/AndroidManifest.xml:3:5-67
11-->src/main/AndroidManifest.xml:3:22-64
12    <uses-permission android:name="android.permission.ACCESS_MEDIA_LOCATION" />
12-->src/main/AndroidManifest.xml:4:5-80
12-->src/main/AndroidManifest.xml:4:22-77
13    <uses-permission android:name="android.permission.CAMERA" />
13-->src/main/AndroidManifest.xml:5:5-65
13-->src/main/AndroidManifest.xml:5:22-62
14    <uses-permission android:name="android.permission.RECORD_AUDIO" />
14-->src/main/AndroidManifest.xml:6:5-71
14-->src/main/AndroidManifest.xml:6:22-68
15    <uses-permission android:name="android.permission.WRITE_EXTERNAL_STORAGE" />
15-->src/main/AndroidManifest.xml:7:5-81
15-->src/main/AndroidManifest.xml:7:22-78
16    <uses-permission android:name="android.permission.READ_EXTERNAL_STORAGE" />
16-->src/main/AndroidManifest.xml:8:5-80
16-->src/main/AndroidManifest.xml:8:22-77
17    <uses-permission android:name="android.permission.POST_NOTIFICATIONS" /> <!-- Declare that the app does not strictly require a camera -->
17-->src/main/AndroidManifest.xml:9:5-77
17-->src/main/AndroidManifest.xml:9:22-74
18    <uses-feature
18-->src/main/AndroidManifest.xml:12:5-85
19        android:name="android.hardware.camera"
19-->src/main/AndroidManifest.xml:12:19-57
20        android:required="false" />
20-->src/main/AndroidManifest.xml:12:58-82
21
22    <uses-permission android:name="android.permission.ACCESS_NETWORK_STATE" />
22-->[:react-native-community_netinfo] AndroidManifest.xml:7:5-79
22-->[:react-native-community_netinfo] AndroidManifest.xml:7:22-76
23    <uses-permission android:name="android.permission.ACCESS_WIFI_STATE" />
23-->[:react-native-community_netinfo] AndroidManifest.xml:8:5-76
23-->[:react-native-community_netinfo] AndroidManifest.xml:8:22-73
24    <uses-permission android:name="android.permission.MODIFY_AUDIO_SETTINGS" />
24-->[:react-native-agora] AndroidManifest.xml:10:5-80
24-->[:react-native-agora] AndroidManifest.xml:10:22-77
25    <uses-permission android:name="android.permission.BLUETOOTH" />
25-->[:react-native-agora] AndroidManifest.xml:13:5-68
25-->[:react-native-agora] AndroidManifest.xml:13:22-65
26    <!--
27         Required to keep CPU alive while downloading files
28        (NOT to keep screen awake)
29    -->
30    <uses-permission android:name="android.permission.WAKE_LOCK" /> <!-- Required to to download files without a notification -->
30-->[:react-native-blob-util] AndroidManifest.xml:14:5-68
30-->[:react-native-blob-util] AndroidManifest.xml:14:22-65
31    <uses-permission android:name="android.permission.DOWNLOAD_WITHOUT_NOTIFICATION" />
31-->[:react-native-blob-util] AndroidManifest.xml:32:5-88
31-->[:react-native-blob-util] AndroidManifest.xml:32:22-85
32    <!--
33    This manifest file is used only by Gradle to configure debug-only capabilities
34    for React Native Apps.
35    -->
36    <uses-permission android:name="android.permission.SYSTEM_ALERT_WINDOW" />
36-->[com.facebook.react:react-android:0.76.6] AndroidManifest.xml:16:5-78
36-->[com.facebook.react:react-android:0.76.6] AndroidManifest.xml:16:22-75
37    <uses-permission android:name="android.permission.RECEIVE_BOOT_COMPLETED" />
37-->[androidx.work:work-runtime:2.8.0] AndroidManifest.xml:25:5-81
37-->[androidx.work:work-runtime:2.8.0] AndroidManifest.xml:25:22-78
38    <uses-permission android:name="android.permission.FOREGROUND_SERVICE" />
38-->[androidx.work:work-runtime:2.8.0] AndroidManifest.xml:26:5-77
38-->[androidx.work:work-runtime:2.8.0] AndroidManifest.xml:26:22-74
39
40    <queries>
40-->[androidx.camera:camera-extensions:1.5.0-alpha03] AndroidManifest.xml:22:5-26:15
41        <intent>
41-->[androidx.camera:camera-extensions:1.5.0-alpha03] AndroidManifest.xml:23:9-25:18
42            <action android:name="androidx.camera.extensions.action.VENDOR_ACTION" />
42-->[androidx.camera:camera-extensions:1.5.0-alpha03] AndroidManifest.xml:24:13-86
42-->[androidx.camera:camera-extensions:1.5.0-alpha03] AndroidManifest.xml:24:21-83
43        </intent>
44
45        <package android:name="com.facebook.katana" />
45-->[com.facebook.android:facebook-common:18.0.3] AndroidManifest.xml:16:9-55
45-->[com.facebook.android:facebook-common:18.0.3] AndroidManifest.xml:16:18-52
46    </queries>
47
48    <uses-permission android:name="com.google.android.gms.permission.AD_ID" /> <!-- Support for Google Privacy Sandbox adservices API -->
48-->[com.facebook.android:facebook-core:18.0.3] AndroidManifest.xml:14:5-79
48-->[com.facebook.android:facebook-core:18.0.3] AndroidManifest.xml:14:22-76
49    <uses-permission android:name="android.permission.ACCESS_ADSERVICES_ATTRIBUTION" />
49-->[com.facebook.android:facebook-core:18.0.3] AndroidManifest.xml:16:5-88
49-->[com.facebook.android:facebook-core:18.0.3] AndroidManifest.xml:16:22-85
50    <uses-permission android:name="android.permission.ACCESS_ADSERVICES_AD_ID" />
50-->[com.facebook.android:facebook-core:18.0.3] AndroidManifest.xml:17:5-82
50-->[com.facebook.android:facebook-core:18.0.3] AndroidManifest.xml:17:22-79
51    <uses-permission android:name="android.permission.ACCESS_ADSERVICES_CUSTOM_AUDIENCE" />
51-->[com.facebook.android:facebook-core:18.0.3] AndroidManifest.xml:18:5-92
51-->[com.facebook.android:facebook-core:18.0.3] AndroidManifest.xml:18:22-89
52    <uses-permission android:name="android.permission.ACCESS_ADSERVICES_TOPICS" />
52-->[com.facebook.android:facebook-core:18.0.3] AndroidManifest.xml:19:5-83
52-->[com.facebook.android:facebook-core:18.0.3] AndroidManifest.xml:19:22-80
53
54    <permission
54-->[androidx.core:core:1.9.0] AndroidManifest.xml:22:5-24:47
55        android:name="com.meow.DYNAMIC_RECEIVER_NOT_EXPORTED_PERMISSION"
55-->[androidx.core:core:1.9.0] AndroidManifest.xml:23:9-81
56        android:protectionLevel="signature" />
56-->[androidx.core:core:1.9.0] AndroidManifest.xml:24:9-44
57
58    <uses-permission android:name="com.meow.DYNAMIC_RECEIVER_NOT_EXPORTED_PERMISSION" />
58-->[androidx.core:core:1.9.0] AndroidManifest.xml:26:5-97
58-->[androidx.core:core:1.9.0] AndroidManifest.xml:26:22-94
59    <uses-permission android:name="android.permission.VIBRATE" />
59-->[app.notifee:core:202108261754] AndroidManifest.xml:13:5-66
59-->[app.notifee:core:202108261754] AndroidManifest.xml:13:22-63
60    <uses-permission android:name="android.permission.SCHEDULE_EXACT_ALARM" />
60-->[app.notifee:core:202108261754] AndroidManifest.xml:16:5-79
60-->[app.notifee:core:202108261754] AndroidManifest.xml:16:22-76
61    <uses-permission
61-->[app.notifee:core:202108261754] AndroidManifest.xml:17:5-19:38
62        android:name="android.permission.BROADCAST_CLOSE_SYSTEM_DIALOGS"
62-->[app.notifee:core:202108261754] AndroidManifest.xml:18:9-73
63        android:maxSdkVersion="30" /> <!-- For Xiaomi devices to enable heads-up notifications as default (https://github.com/invertase/notifee/issues/296) -->
63-->[app.notifee:core:202108261754] AndroidManifest.xml:19:9-35
64    <uses-permission
64-->[app.notifee:core:202108261754] AndroidManifest.xml:21:5-23:38
65        android:name="android.permission.ACCESS_NOTIFICATION_POLICY"
65-->[app.notifee:core:202108261754] AndroidManifest.xml:22:9-69
66        android:minSdkVersion="23" />
66-->[app.notifee:core:202108261754] AndroidManifest.xml:23:9-35
67    <uses-permission android:name="android.permission.FOREGROUND_SERVICE_MEDIA_PROJECTION" />
67-->[io.agora.rtc:full-screen-sharing:4.5.1] AndroidManifest.xml:8:5-94
67-->[io.agora.rtc:full-screen-sharing:4.5.1] AndroidManifest.xml:8:22-91
68    <uses-permission android:name="com.google.android.finsky.permission.BIND_GET_INSTALL_REFERRER_SERVICE" />
68-->[com.android.installreferrer:installreferrer:1.0] AndroidManifest.xml:9:5-110
68-->[com.android.installreferrer:installreferrer:1.0] AndroidManifest.xml:9:22-107
69
70    <application
70-->src/main/AndroidManifest.xml:15:5-36:19
71        android:name="com.meow.MainApplication"
71-->src/main/AndroidManifest.xml:16:7-38
72        android:allowBackup="false"
72-->src/main/AndroidManifest.xml:20:7-34
73        android:appComponentFactory="androidx.core.app.CoreComponentFactory"
73-->[androidx.core:core:1.9.0] AndroidManifest.xml:28:18-86
74        android:debuggable="true"
75        android:extractNativeLibs="false"
76        android:icon="@mipmap/ic_launcher"
76-->src/main/AndroidManifest.xml:18:7-41
77        android:label="@string/app_name"
77-->src/main/AndroidManifest.xml:17:7-39
78        android:requestLegacyExternalStorage="true"
78-->src/main/AndroidManifest.xml:22:7-50
79        android:roundIcon="@mipmap/ic_launcher_round"
79-->src/main/AndroidManifest.xml:19:7-52
80        android:supportsRtl="true"
80-->src/main/AndroidManifest.xml:23:7-33
81        android:theme="@style/AppTheme"
81-->src/main/AndroidManifest.xml:21:7-38
82        android:usesCleartextTraffic="true" >
82-->src/debug/AndroidManifest.xml:6:9-44
83        <activity
83-->src/main/AndroidManifest.xml:24:7-35:18
84            android:name="com.meow.MainActivity"
84-->src/main/AndroidManifest.xml:25:9-37
85            android:configChanges="keyboard|keyboardHidden|orientation|screenLayout|screenSize|smallestScreenSize|uiMode"
85-->src/main/AndroidManifest.xml:27:9-118
86            android:exported="true"
86-->src/main/AndroidManifest.xml:30:9-32
87            android:label="@string/app_name"
87-->src/main/AndroidManifest.xml:26:9-41
88            android:launchMode="singleTask"
88-->src/main/AndroidManifest.xml:28:9-40
89            android:windowSoftInputMode="adjustResize" >
89-->src/main/AndroidManifest.xml:29:9-51
90            <intent-filter>
90-->src/main/AndroidManifest.xml:31:9-34:25
91                <action android:name="android.intent.action.MAIN" />
91-->src/main/AndroidManifest.xml:32:13-65
91-->src/main/AndroidManifest.xml:32:21-62
92
93                <category android:name="android.intent.category.LAUNCHER" />
93-->src/main/AndroidManifest.xml:33:13-73
93-->src/main/AndroidManifest.xml:33:23-70
94            </intent-filter>
95        </activity>
96
97        <provider
97-->[:notifee_react-native] AndroidManifest.xml:8:9-12:40
98            android:name="io.invertase.notifee.NotifeeInitProvider"
98-->[:notifee_react-native] AndroidManifest.xml:9:13-68
99            android:authorities="com.meow.notifee-init-provider"
99-->[:notifee_react-native] AndroidManifest.xml:10:13-73
100            android:exported="false"
100-->[:notifee_react-native] AndroidManifest.xml:11:13-37
101            android:initOrder="-100" />
101-->[:notifee_react-native] AndroidManifest.xml:12:13-37
102        <provider
102-->[:react-native-blob-util] AndroidManifest.xml:35:9-43:20
103            android:name="com.ReactNativeBlobUtil.Utils.FileProvider"
103-->[:react-native-blob-util] AndroidManifest.xml:36:13-70
104            android:authorities="com.meow.provider"
104-->[:react-native-blob-util] AndroidManifest.xml:37:13-60
105            android:exported="false"
105-->[:react-native-blob-util] AndroidManifest.xml:38:13-37
106            android:grantUriPermissions="true" >
106-->[:react-native-blob-util] AndroidManifest.xml:39:13-47
107            <meta-data
107-->[:react-native-blob-util] AndroidManifest.xml:40:13-42:58
108                android:name="android.support.FILE_PROVIDER_PATHS"
108-->[:react-native-blob-util] AndroidManifest.xml:41:17-67
109                android:resource="@xml/provider_paths" />
109-->[:react-native-blob-util] AndroidManifest.xml:42:17-55
110        </provider>
111
112        <property
112-->[:react-native-fbsdk-next] AndroidManifest.xml:44:9-47:48
113            android:name="android.adservices.AD_SERVICES_CONFIG"
113-->[:react-native-fbsdk-next] AndroidManifest.xml:45:13-65
114            android:resource="@xml/ad_services_config" />
114-->[:react-native-fbsdk-next] AndroidManifest.xml:46:13-55
115
116        <provider
116-->[:react-native-image-picker] AndroidManifest.xml:8:9-16:20
117            android:name="com.imagepicker.ImagePickerProvider"
117-->[:react-native-image-picker] AndroidManifest.xml:9:13-63
118            android:authorities="com.meow.imagepickerprovider"
118-->[:react-native-image-picker] AndroidManifest.xml:10:13-71
119            android:exported="false"
119-->[:react-native-image-picker] AndroidManifest.xml:11:13-37
120            android:grantUriPermissions="true" >
120-->[:react-native-image-picker] AndroidManifest.xml:12:13-47
121            <meta-data
121-->[:react-native-blob-util] AndroidManifest.xml:40:13-42:58
122                android:name="android.support.FILE_PROVIDER_PATHS"
122-->[:react-native-blob-util] AndroidManifest.xml:41:17-67
123                android:resource="@xml/imagepicker_provider_paths" />
123-->[:react-native-blob-util] AndroidManifest.xml:42:17-55
124        </provider>
125
126        <activity
126-->[com.facebook.react:react-android:0.76.6] AndroidManifest.xml:19:9-21:40
127            android:name="com.facebook.react.devsupport.DevSettingsActivity"
127-->[com.facebook.react:react-android:0.76.6] AndroidManifest.xml:20:13-77
128            android:exported="false" />
128-->[com.facebook.react:react-android:0.76.6] AndroidManifest.xml:21:13-37
129
130        <provider
130-->[androidx.work:work-runtime:2.8.0] AndroidManifest.xml:29:9-37:20
131            android:name="androidx.startup.InitializationProvider"
131-->[androidx.work:work-runtime:2.8.0] AndroidManifest.xml:30:13-67
132            android:authorities="com.meow.androidx-startup"
132-->[androidx.work:work-runtime:2.8.0] AndroidManifest.xml:31:13-68
133            android:exported="false" >
133-->[androidx.work:work-runtime:2.8.0] AndroidManifest.xml:32:13-37
134            <meta-data
134-->[androidx.work:work-runtime:2.8.0] AndroidManifest.xml:34:13-36:52
135                android:name="androidx.work.WorkManagerInitializer"
135-->[androidx.work:work-runtime:2.8.0] AndroidManifest.xml:35:17-68
136                android:value="androidx.startup" />
136-->[androidx.work:work-runtime:2.8.0] AndroidManifest.xml:36:17-49
137            <meta-data
137-->[androidx.emoji2:emoji2:1.2.0] AndroidManifest.xml:29:13-31:52
138                android:name="androidx.emoji2.text.EmojiCompatInitializer"
138-->[androidx.emoji2:emoji2:1.2.0] AndroidManifest.xml:30:17-75
139                android:value="androidx.startup" />
139-->[androidx.emoji2:emoji2:1.2.0] AndroidManifest.xml:31:17-49
140            <meta-data
140-->[androidx.lifecycle:lifecycle-process:2.8.7] AndroidManifest.xml:29:13-31:52
141                android:name="androidx.lifecycle.ProcessLifecycleInitializer"
141-->[androidx.lifecycle:lifecycle-process:2.8.7] AndroidManifest.xml:30:17-78
142                android:value="androidx.startup" />
142-->[androidx.lifecycle:lifecycle-process:2.8.7] AndroidManifest.xml:31:17-49
143            <meta-data
143-->[androidx.profileinstaller:profileinstaller:1.3.1] AndroidManifest.xml:29:13-31:52
144                android:name="androidx.profileinstaller.ProfileInstallerInitializer"
144-->[androidx.profileinstaller:profileinstaller:1.3.1] AndroidManifest.xml:30:17-85
145                android:value="androidx.startup" />
145-->[androidx.profileinstaller:profileinstaller:1.3.1] AndroidManifest.xml:31:17-49
146        </provider>
147
148        <service
148-->[androidx.work:work-runtime:2.8.0] AndroidManifest.xml:39:9-45:35
149            android:name="androidx.work.impl.background.systemalarm.SystemAlarmService"
149-->[androidx.work:work-runtime:2.8.0] AndroidManifest.xml:40:13-88
150            android:directBootAware="false"
150-->[androidx.work:work-runtime:2.8.0] AndroidManifest.xml:41:13-44
151            android:enabled="@bool/enable_system_alarm_service_default"
151-->[androidx.work:work-runtime:2.8.0] AndroidManifest.xml:42:13-72
152            android:exported="false" />
152-->[androidx.work:work-runtime:2.8.0] AndroidManifest.xml:43:13-37
153        <service
153-->[androidx.work:work-runtime:2.8.0] AndroidManifest.xml:46:9-52:35
154            android:name="androidx.work.impl.background.systemjob.SystemJobService"
154-->[androidx.work:work-runtime:2.8.0] AndroidManifest.xml:47:13-84
155            android:directBootAware="false"
155-->[androidx.work:work-runtime:2.8.0] AndroidManifest.xml:48:13-44
156            android:enabled="@bool/enable_system_job_service_default"
156-->[androidx.work:work-runtime:2.8.0] AndroidManifest.xml:49:13-70
157            android:exported="true"
157-->[androidx.work:work-runtime:2.8.0] AndroidManifest.xml:50:13-36
158            android:permission="android.permission.BIND_JOB_SERVICE" />
158-->[androidx.work:work-runtime:2.8.0] AndroidManifest.xml:51:13-69
159        <service
159-->[androidx.work:work-runtime:2.8.0] AndroidManifest.xml:53:9-59:35
160            android:name="androidx.work.impl.foreground.SystemForegroundService"
160-->[androidx.work:work-runtime:2.8.0] AndroidManifest.xml:54:13-81
161            android:directBootAware="false"
161-->[androidx.work:work-runtime:2.8.0] AndroidManifest.xml:55:13-44
162            android:enabled="@bool/enable_system_foreground_service_default"
162-->[androidx.work:work-runtime:2.8.0] AndroidManifest.xml:56:13-77
163            android:exported="false" />
163-->[androidx.work:work-runtime:2.8.0] AndroidManifest.xml:57:13-37
164
165        <receiver
165-->[androidx.work:work-runtime:2.8.0] AndroidManifest.xml:61:9-66:35
166            android:name="androidx.work.impl.utils.ForceStopRunnable$BroadcastReceiver"
166-->[androidx.work:work-runtime:2.8.0] AndroidManifest.xml:62:13-88
167            android:directBootAware="false"
167-->[androidx.work:work-runtime:2.8.0] AndroidManifest.xml:63:13-44
168            android:enabled="true"
168-->[androidx.work:work-runtime:2.8.0] AndroidManifest.xml:64:13-35
169            android:exported="false" />
169-->[androidx.work:work-runtime:2.8.0] AndroidManifest.xml:65:13-37
170        <receiver
170-->[androidx.work:work-runtime:2.8.0] AndroidManifest.xml:67:9-77:20
171            android:name="androidx.work.impl.background.systemalarm.ConstraintProxy$BatteryChargingProxy"
171-->[androidx.work:work-runtime:2.8.0] AndroidManifest.xml:68:13-106
172            android:directBootAware="false"
172-->[androidx.work:work-runtime:2.8.0] AndroidManifest.xml:69:13-44
173            android:enabled="false"
173-->[androidx.work:work-runtime:2.8.0] AndroidManifest.xml:70:13-36
174            android:exported="false" >
174-->[androidx.work:work-runtime:2.8.0] AndroidManifest.xml:71:13-37
175            <intent-filter>
175-->[androidx.work:work-runtime:2.8.0] AndroidManifest.xml:73:13-76:29
176                <action android:name="android.intent.action.ACTION_POWER_CONNECTED" />
176-->[androidx.work:work-runtime:2.8.0] AndroidManifest.xml:74:17-87
176-->[androidx.work:work-runtime:2.8.0] AndroidManifest.xml:74:25-84
177                <action android:name="android.intent.action.ACTION_POWER_DISCONNECTED" />
177-->[androidx.work:work-runtime:2.8.0] AndroidManifest.xml:75:17-90
177-->[androidx.work:work-runtime:2.8.0] AndroidManifest.xml:75:25-87
178            </intent-filter>
179        </receiver>
180        <receiver
180-->[androidx.work:work-runtime:2.8.0] AndroidManifest.xml:78:9-88:20
181            android:name="androidx.work.impl.background.systemalarm.ConstraintProxy$BatteryNotLowProxy"
181-->[androidx.work:work-runtime:2.8.0] AndroidManifest.xml:79:13-104
182            android:directBootAware="false"
182-->[androidx.work:work-runtime:2.8.0] AndroidManifest.xml:80:13-44
183            android:enabled="false"
183-->[androidx.work:work-runtime:2.8.0] AndroidManifest.xml:81:13-36
184            android:exported="false" >
184-->[androidx.work:work-runtime:2.8.0] AndroidManifest.xml:82:13-37
185            <intent-filter>
185-->[androidx.work:work-runtime:2.8.0] AndroidManifest.xml:84:13-87:29
186                <action android:name="android.intent.action.BATTERY_OKAY" />
186-->[androidx.work:work-runtime:2.8.0] AndroidManifest.xml:85:17-77
186-->[androidx.work:work-runtime:2.8.0] AndroidManifest.xml:85:25-74
187                <action android:name="android.intent.action.BATTERY_LOW" />
187-->[androidx.work:work-runtime:2.8.0] AndroidManifest.xml:86:17-76
187-->[androidx.work:work-runtime:2.8.0] AndroidManifest.xml:86:25-73
188            </intent-filter>
189        </receiver>
190        <receiver
190-->[androidx.work:work-runtime:2.8.0] AndroidManifest.xml:89:9-99:20
191            android:name="androidx.work.impl.background.systemalarm.ConstraintProxy$StorageNotLowProxy"
191-->[androidx.work:work-runtime:2.8.0] AndroidManifest.xml:90:13-104
192            android:directBootAware="false"
192-->[androidx.work:work-runtime:2.8.0] AndroidManifest.xml:91:13-44
193            android:enabled="false"
193-->[androidx.work:work-runtime:2.8.0] AndroidManifest.xml:92:13-36
194            android:exported="false" >
194-->[androidx.work:work-runtime:2.8.0] AndroidManifest.xml:93:13-37
195            <intent-filter>
195-->[androidx.work:work-runtime:2.8.0] AndroidManifest.xml:95:13-98:29
196                <action android:name="android.intent.action.DEVICE_STORAGE_LOW" />
196-->[androidx.work:work-runtime:2.8.0] AndroidManifest.xml:96:17-83
196-->[androidx.work:work-runtime:2.8.0] AndroidManifest.xml:96:25-80
197                <action android:name="android.intent.action.DEVICE_STORAGE_OK" />
197-->[androidx.work:work-runtime:2.8.0] AndroidManifest.xml:97:17-82
197-->[androidx.work:work-runtime:2.8.0] AndroidManifest.xml:97:25-79
198            </intent-filter>
199        </receiver>
200        <receiver
200-->[androidx.work:work-runtime:2.8.0] AndroidManifest.xml:100:9-109:20
201            android:name="androidx.work.impl.background.systemalarm.ConstraintProxy$NetworkStateProxy"
201-->[androidx.work:work-runtime:2.8.0] AndroidManifest.xml:101:13-103
202            android:directBootAware="false"
202-->[androidx.work:work-runtime:2.8.0] AndroidManifest.xml:102:13-44
203            android:enabled="false"
203-->[androidx.work:work-runtime:2.8.0] AndroidManifest.xml:103:13-36
204            android:exported="false" >
204-->[androidx.work:work-runtime:2.8.0] AndroidManifest.xml:104:13-37
205            <intent-filter>
205-->[androidx.work:work-runtime:2.8.0] AndroidManifest.xml:106:13-108:29
206                <action android:name="android.net.conn.CONNECTIVITY_CHANGE" />
206-->[androidx.work:work-runtime:2.8.0] AndroidManifest.xml:107:17-79
206-->[androidx.work:work-runtime:2.8.0] AndroidManifest.xml:107:25-76
207            </intent-filter>
208        </receiver>
209        <receiver
209-->[androidx.work:work-runtime:2.8.0] AndroidManifest.xml:110:9-121:20
210            android:name="androidx.work.impl.background.systemalarm.RescheduleReceiver"
210-->[androidx.work:work-runtime:2.8.0] AndroidManifest.xml:111:13-88
211            android:directBootAware="false"
211-->[androidx.work:work-runtime:2.8.0] AndroidManifest.xml:112:13-44
212            android:enabled="false"
212-->[androidx.work:work-runtime:2.8.0] AndroidManifest.xml:113:13-36
213            android:exported="false" >
213-->[androidx.work:work-runtime:2.8.0] AndroidManifest.xml:114:13-37
214            <intent-filter>
214-->[androidx.work:work-runtime:2.8.0] AndroidManifest.xml:116:13-120:29
215                <action android:name="android.intent.action.BOOT_COMPLETED" />
215-->[androidx.work:work-runtime:2.8.0] AndroidManifest.xml:117:17-79
215-->[androidx.work:work-runtime:2.8.0] AndroidManifest.xml:117:25-76
216                <action android:name="android.intent.action.TIME_SET" />
216-->[androidx.work:work-runtime:2.8.0] AndroidManifest.xml:118:17-73
216-->[androidx.work:work-runtime:2.8.0] AndroidManifest.xml:118:25-70
217                <action android:name="android.intent.action.TIMEZONE_CHANGED" />
217-->[androidx.work:work-runtime:2.8.0] AndroidManifest.xml:119:17-81
217-->[androidx.work:work-runtime:2.8.0] AndroidManifest.xml:119:25-78
218            </intent-filter>
219        </receiver>
220        <receiver
220-->[androidx.work:work-runtime:2.8.0] AndroidManifest.xml:122:9-131:20
221            android:name="androidx.work.impl.background.systemalarm.ConstraintProxyUpdateReceiver"
221-->[androidx.work:work-runtime:2.8.0] AndroidManifest.xml:123:13-99
222            android:directBootAware="false"
222-->[androidx.work:work-runtime:2.8.0] AndroidManifest.xml:124:13-44
223            android:enabled="@bool/enable_system_alarm_service_default"
223-->[androidx.work:work-runtime:2.8.0] AndroidManifest.xml:125:13-72
224            android:exported="false" >
224-->[androidx.work:work-runtime:2.8.0] AndroidManifest.xml:126:13-37
225            <intent-filter>
225-->[androidx.work:work-runtime:2.8.0] AndroidManifest.xml:128:13-130:29
226                <action android:name="androidx.work.impl.background.systemalarm.UpdateProxies" />
226-->[androidx.work:work-runtime:2.8.0] AndroidManifest.xml:129:17-98
226-->[androidx.work:work-runtime:2.8.0] AndroidManifest.xml:129:25-95
227            </intent-filter>
228        </receiver>
229        <receiver
229-->[androidx.work:work-runtime:2.8.0] AndroidManifest.xml:132:9-142:20
230            android:name="androidx.work.impl.diagnostics.DiagnosticsReceiver"
230-->[androidx.work:work-runtime:2.8.0] AndroidManifest.xml:133:13-78
231            android:directBootAware="false"
231-->[androidx.work:work-runtime:2.8.0] AndroidManifest.xml:134:13-44
232            android:enabled="true"
232-->[androidx.work:work-runtime:2.8.0] AndroidManifest.xml:135:13-35
233            android:exported="true"
233-->[androidx.work:work-runtime:2.8.0] AndroidManifest.xml:136:13-36
234            android:permission="android.permission.DUMP" >
234-->[androidx.work:work-runtime:2.8.0] AndroidManifest.xml:137:13-57
235            <intent-filter>
235-->[androidx.work:work-runtime:2.8.0] AndroidManifest.xml:139:13-141:29
236                <action android:name="androidx.work.diagnostics.REQUEST_DIAGNOSTICS" />
236-->[androidx.work:work-runtime:2.8.0] AndroidManifest.xml:140:17-88
236-->[androidx.work:work-runtime:2.8.0] AndroidManifest.xml:140:25-85
237            </intent-filter>
238        </receiver>
239
240        <uses-library
240-->[androidx.camera:camera-extensions:1.5.0-alpha03] AndroidManifest.xml:29:9-31:40
241            android:name="androidx.camera.extensions.impl"
241-->[androidx.camera:camera-extensions:1.5.0-alpha03] AndroidManifest.xml:30:13-59
242            android:required="false" />
242-->[androidx.camera:camera-extensions:1.5.0-alpha03] AndroidManifest.xml:31:13-37
243
244        <service
244-->[androidx.camera:camera-camera2:1.5.0-alpha03] AndroidManifest.xml:24:9-33:19
245            android:name="androidx.camera.core.impl.MetadataHolderService"
245-->[androidx.camera:camera-camera2:1.5.0-alpha03] AndroidManifest.xml:25:13-75
246            android:enabled="false"
246-->[androidx.camera:camera-camera2:1.5.0-alpha03] AndroidManifest.xml:26:13-36
247            android:exported="false" >
247-->[androidx.camera:camera-camera2:1.5.0-alpha03] AndroidManifest.xml:27:13-37
248            <meta-data
248-->[androidx.camera:camera-camera2:1.5.0-alpha03] AndroidManifest.xml:30:13-32:89
249                android:name="androidx.camera.core.impl.MetadataHolderService.DEFAULT_CONFIG_PROVIDER"
249-->[androidx.camera:camera-camera2:1.5.0-alpha03] AndroidManifest.xml:31:17-103
250                android:value="androidx.camera.camera2.Camera2Config$DefaultProvider" />
250-->[androidx.camera:camera-camera2:1.5.0-alpha03] AndroidManifest.xml:32:17-86
251        </service>
252
253        <activity
253-->[com.facebook.android:facebook-common:18.0.3] AndroidManifest.xml:20:9-23:66
254            android:name="com.facebook.FacebookActivity"
254-->[com.facebook.android:facebook-common:18.0.3] AndroidManifest.xml:21:13-57
255            android:configChanges="keyboard|keyboardHidden|screenLayout|screenSize|orientation"
255-->[com.facebook.android:facebook-common:18.0.3] AndroidManifest.xml:22:13-96
256            android:theme="@style/com_facebook_activity_theme" />
256-->[com.facebook.android:facebook-common:18.0.3] AndroidManifest.xml:23:13-63
257        <activity android:name="com.facebook.CustomTabMainActivity" />
257-->[com.facebook.android:facebook-common:18.0.3] AndroidManifest.xml:24:9-71
257-->[com.facebook.android:facebook-common:18.0.3] AndroidManifest.xml:24:19-68
258        <activity
258-->[com.facebook.android:facebook-common:18.0.3] AndroidManifest.xml:25:9-39:20
259            android:name="com.facebook.CustomTabActivity"
259-->[com.facebook.android:facebook-common:18.0.3] AndroidManifest.xml:26:13-58
260            android:exported="true" >
260-->[com.facebook.android:facebook-common:18.0.3] AndroidManifest.xml:27:13-36
261            <intent-filter>
261-->[com.facebook.android:facebook-common:18.0.3] AndroidManifest.xml:29:13-38:29
262                <action android:name="android.intent.action.VIEW" />
262-->[com.facebook.android:facebook-common:18.0.3] AndroidManifest.xml:30:17-69
262-->[com.facebook.android:facebook-common:18.0.3] AndroidManifest.xml:30:25-66
263
264                <category android:name="android.intent.category.DEFAULT" />
264-->[com.facebook.android:facebook-common:18.0.3] AndroidManifest.xml:32:17-76
264-->[com.facebook.android:facebook-common:18.0.3] AndroidManifest.xml:32:27-73
265                <category android:name="android.intent.category.BROWSABLE" />
265-->[com.facebook.android:facebook-common:18.0.3] AndroidManifest.xml:33:17-78
265-->[com.facebook.android:facebook-common:18.0.3] AndroidManifest.xml:33:27-75
266
267                <data
267-->[com.facebook.android:facebook-common:18.0.3] AndroidManifest.xml:35:17-37:50
268                    android:host="cct.com.meow"